<?xml version="1.0" encoding="UTF-8"?>
<testsuite name="com.hybris.tddTrailTests.TrailSetupTest" time="0.008" tests="4" errors="1" skipped="0" failures="1">
  <properties>
[...]
</properties>
  <testcase name="testA" classname="com.hybris.tddTrailTests.TrailSetupTest" time="0"/>
  <testcase name="testA2_ConfirmInstallWasRunWithb2b_acc" classname="com.hybris.tddTrailTests.TrailSetupTest" time="0.002"/>
  <testcase name="testB2_ExtensionAddedAndCodeGeneratedOk" classname="com.hybris.tddTrailTests.TrailSetupTest" time="0.006">
    <error message="hybris-commerce-suite-6.2.0.1/hybris/config/localextensions.xml" type="java.nio.file.NoSuchFileException">java.nio.file.NoSuchFileException: hybris-commerce-suite-6.2.0.1/hybris/config/localextensions.xml
	at sun.nio.fs.UnixException.translateToIOException(UnixException.java:86)
	at sun.nio.fs.UnixException.rethrowAsIOException(UnixException.java:102)
	at sun.nio.fs.UnixException.rethrowAsIOException(UnixException.java:107)
	at sun.nio.fs.UnixFileSystemProvider.newByteChannel(UnixFileSystemProvider.java:214)
	at java.nio.file.Files.newByteChannel(Files.java:361)
	at java.nio.file.Files.newByteChannel(Files.java:407)
	at java.nio.file.Files.readAllBytes(Files.java:3152)
	at com.hybris.tddTrailTests.TrailSetupTest.fileExistsAndContains(TrailSetupTest.java:100)
	at com.hybris.tddTrailTests.TrailSetupTest.testB2_ExtensionAddedAndCodeGeneratedOk(TrailSetupTest.java:66)
</error>
  </testcase>
  <testcase name="testB_ExtensionCreateddOk" classname="com.hybris.tddTrailTests.TrailSetupTest" time="0">
    <failure type="java.lang.AssertionError:">java.lang.AssertionError: null
	at org.junit.Assert.fail(Assert.java:86)
	at org.junit.Assert.assertTrue(Assert.java:41)
	at org.junit.Assert.assertTrue(Assert.java:52)
	at com.hybris.tddTrailTests.TrailSetupTest.testB_ExtensionCreateddOk(TrailSetupTest.java:58)
</failure>
    <system-out><![CDATA[CHECKING IF THIS FILE EXISTS ../hybris-commerce-suite-6.2.0.1/hybris/bin/custom/tddtrail/src/com/hybris/tddtrail/jalo/TddtrailManager.java:
]]></system-out>
  </testcase>
</testsuite>